TN:verilator_coverage
SF:../../rtl/deserializer.v
DA:2,18804
DA:3,1024
DA:5,297983
DA:6,1023
DA:7,1023
DA:9,1023
DA:10,483
DA:13,149503
DA:15,3071
DA:16,3071
DA:17,3071
DA:18,4096
DA:21,4096
DA:22,4096
DA:23,4096
end_of_record
SF:../../rtl/serializer.v
DA:2,455
DA:3,0
DA:4,297983
DA:5,1023
DA:6,1023
DA:8,0
DA:9,0
DA:13,0
DA:15,149503
DA:16,3071
DA:17,3071
DA:18,3071
DA:19,3071
DA:20,3071
DA:22,53268
DA:23,0
DA:24,0
DA:25,0
DA:26,0
DA:28,0
DA:30,0
DA:31,0
DA:32,0
end_of_record
SF:../../rtl/tt_um_franco_mezzarapa.v
DA:2,0
DA:3,0
DA:4,0
DA:5,0
DA:6,0
DA:8,1023
DA:9,297983
DA:10,1023
DA:16,1023
DA:17,1023
DA:18,0
DA:20,499
DA:21,455
DA:22,483
end_of_record
SF:../../rtl/xor_encrypt.v
DA:2,77975
DA:3,1023
DA:4,1023
DA:6,499
DA:7,483
DA:9,1023
DA:10,1023
DA:12,1024
DA:13,0
DA:14,455
DA:18,41039
DA:19,3071
DA:21,3071
DA:22,3071
DA:23,3071
DA:24,10260
DA:26,18468
DA:28,4096
DA:31,4096
DA:32,4096
DA:33,0
DA:34,2052
end_of_record
